2026/01/05 22:57:46 Database initialized
2026/01/05 22:57:46 Scheduler started: refresh at '0 3 * * *'
2026/01/05 22:57:46 No previous refresh found, triggering startup refresh
2026/01/05 22:57:46 Starting refresh job 3 (source: startup)
2026/01/05 22:57:46 Server starting on port 8000
2026/01/05 22:57:46 Starting search: Dockerfiles
2026/01/05 22:57:46 [Dockerfiles] Searching page 1...
2026/01/05 22:57:47 [Dockerfiles] Page 1: found 100 items, total unique repos: 68
2026/01/05 22:57:53 [Dockerfiles] Searching page 2...
2026/01/05 22:57:53 [Dockerfiles] Page 2: found 8 items, total unique repos: 73
2026/01/05 22:57:59 Starting search: YAML/K8s
2026/01/05 22:57:59 [YAML/K8s] Searching page 1...
2026/01/05 22:57:59 [YAML/K8s] Page 1: found 100 items, total unique repos: 75
2026/01/05 22:58:05 [YAML/K8s] Searching page 2...
2026/01/05 22:58:06 [YAML/K8s] Page 2: found 100 items, total unique repos: 75
2026/01/05 22:58:12 [YAML/K8s] Searching page 3...
2026/01/05 22:58:12 [YAML/K8s] Page 3: found 100 items, total unique repos: 77
2026/01/05 22:58:18 [YAML/K8s] Searching page 4...
2026/01/05 22:58:18 [YAML/K8s] Page 4: found 100 items, total unique repos: 77
2026/01/05 22:58:24 [YAML/K8s] Searching page 5...
2026/01/05 22:58:25 [YAML/K8s] Page 5: found 100 items, total unique repos: 79
2026/01/05 22:58:31 [YAML/K8s] Searching page 6...
2026/01/05 22:58:31 [YAML/K8s] Page 6: found 100 items, total unique repos: 80
2026/01/05 22:58:37 [YAML/K8s] Searching page 7...
2026/01/05 22:58:38 [YAML/K8s] Page 7: found 100 items, total unique repos: 81
2026/01/05 22:58:44 [YAML/K8s] Searching page 8...
2026/01/05 22:58:44 [YAML/K8s] Page 8: found 100 items, total unique repos: 81
2026/01/05 22:58:50 [YAML/K8s] Searching page 9...
2026/01/05 22:58:51 [YAML/K8s] Page 9: found 100 items, total unique repos: 81
2026/01/05 22:58:57 [YAML/K8s] Searching page 10...
2026/01/05 22:58:57 [YAML/K8s] Page 10: found 100 items, total unique repos: 81
2026/01/05 22:58:57 [YAML/K8s] Reached GitHub's 1000 result limit
2026/01/05 22:59:03 Starting search: GitHub Actions
2026/01/05 22:59:03 [GitHub Actions] Searching page 1...
2026/01/05 22:59:03 [GitHub Actions] Page 1: found 4 items, total unique repos: 85
2026/01/05 22:59:09 Found 85 unique repositories
2026/01/05 22:59:09 Fetching details for Blizarre/faas (1/85)
2026/01/05 22:59:10 Fetching details for medplum/medplum (2/85)
2026/01/05 22:59:16 Fetching details for Pradumnasaraf/node-dhi-demo (3/85)
2026/01/05 22:59:17 Fetching details for aetperf/FastBCP-Image (4/85)
2026/01/05 22:59:18 Fetching details for DoggieLicc/discord-sdg-helper (5/85)
2026/01/05 22:59:19 Fetching details for tsvetlin/svetlin-website-next (6/85)
2026/01/05 22:59:21 Fetching details for jnstockley/poetry (7/85)
2026/01/05 22:59:22 Fetching details for ZA512/Stratum (8/85)
2026/01/05 22:59:23 Fetching details for Brandawg93/PeaNUT (9/85)
2026/01/05 22:59:24 Fetching details for nlxdodge/portfolio-astro (10/85)
2026/01/05 22:59:25 Fetching details for aneillans/ecards (11/85)
2026/01/05 22:59:26 Fetching details for loong64/n8n (12/85)
2026/01/05 22:59:28 Fetching details for sanbei101/dhi (13/85)
2026/01/05 22:59:29 Fetching details for TheRAWagent/collab-knowledge-workspace (14/85)
2026/01/05 22:59:30 Fetching details for TimSchoenle/Portfolio (15/85)
2026/01/05 22:59:31 Fetching details for spormeon/adysis_haproxy_side (16/85)
2026/01/05 22:59:32 Fetching details for jnstockley/web-scraper (17/85)
2026/01/05 22:59:33 Fetching details for spormeon/adysis_haproxy_side_PBC (18/85)
2026/01/05 22:59:34 Fetching details for jafari-mohammad-reza/devops-utils (19/85)
2026/01/05 22:59:36 Fetching details for nuclear06/spot (20/85)
2026/01/05 22:59:37 Fetching details for thiagoloureiro/AlertHawk (21/85)
2026/01/05 22:59:38 Fetching details for danielbarnes175/bballdaniel3.com (22/85)
2026/01/05 22:59:39 Fetching details for javiertuya/samples-test-spring (23/85)
2026/01/05 22:59:40 Fetching details for alpha-phi-omega-ez/photo-discord-bot (24/85)
2026/01/05 22:59:41 Fetching details for MythologIQ/QoreLogic (25/85)
2026/01/05 22:59:43 Fetching details for aetperf/FastTransfer-Image (26/85)
2026/01/05 22:59:44 Fetching details for zewelor/docker-images (27/85)
2026/01/05 22:59:45 Fetching details for paulpham157/spec-board (28/85)
2026/01/05 22:59:46 Fetching details for MorganMLGman/LlmMemeDescriber (29/85)
2026/01/05 22:59:47 Fetching details for buildplan/dns-service (30/85)
2026/01/05 22:59:48 Fetching details for kave/hello-world (31/85)
2026/01/05 22:59:50 Fetching details for RangerChris/bottle-tycoon-microservice (32/85)
2026/01/05 22:59:51 Fetching details for renatogroffe/dotnet10-consoleapp-dhi_job-httprequest (33/85)
2026/01/05 22:59:52 Fetching details for Tsingis/energy-data (34/85)
2026/01/05 22:59:53 Fetching details for alpha-phi-omega-ez/frontend (35/85)
2026/01/05 22:59:54 Fetching details for jnstockley/python-starter (36/85)
2026/01/05 22:59:56 Fetching details for jnstockley/secret-santa (37/85)
2026/01/05 22:59:57 Fetching details for StefanSchoof/traefik-config (38/85)
2026/01/05 22:59:58 Fetching details for mkaraki/IllustStore (39/85)
2026/01/05 22:59:59 Fetching details for stebennett/tee-sniper (40/85)
2026/01/05 23:00:00 Fetching details for alpha-phi-omega-ez/backtest-compilation (41/85)
2026/01/05 23:00:01 Fetching details for guybrush1984/Elelem (42/85)
2026/01/05 23:00:03 Fetching details for jabrown93/k8s-leader-elector (43/85)
2026/01/05 23:00:04 Fetching details for pietro-swe/RouteBastion-Broker (44/85)
2026/01/05 23:00:05 Fetching details for groffedemos/docker-hardened-comparisons (45/85)
2026/01/05 23:00:06 Fetching details for n8n-io/n8n (46/85)
2026/01/05 23:00:07 Fetching details for voidauth/voidauth (47/85)
2026/01/05 23:00:09 Fetching details for textbook/dependabot-dhi (48/85)
2026/01/05 23:00:10 Fetching details for Ostefanini/ts-drones (49/85)
2026/01/05 23:00:11 Fetching details for Luxen13/AGGerber-RNAmod-pipeline (50/85)
2026/01/05 23:00:12 Fetching details for GorenPnP/pnpWebsite (51/85)
2026/01/05 23:00:13 Fetching details for sdelrio/golden-forest (52/85)
2026/01/05 23:00:15 Fetching details for erkenes/docker-traefik (53/85)
2026/01/05 23:00:16 Fetching details for zazuko/trifid (54/85)
2026/01/05 23:00:17 Fetching details for imTHAI/adguardhome-unbound-redis (55/85)
2026/01/05 23:00:18 Fetching details for thiagoloureiro/AlertHawk.UI.V2 (56/85)
2026/01/05 23:00:19 Fetching details for robco/docker-robot-runner (57/85)
2026/01/05 23:00:20 Fetching details for docker-hardened-images/catalog (58/85)
2026/01/05 23:00:21 Fetching details for UKHO/dockerimages (59/85)
2026/01/05 23:00:23 Fetching details for python-lapidary/lapidary (60/85)
2026/01/05 23:00:24 Fetching details for mirakib/DevOps-Projects (61/85)
2026/01/05 23:00:25 Fetching details for jnstockley/api (62/85)
2026/01/05 23:00:26 Fetching details for johncloud-paas/platform (63/85)
2026/01/05 23:00:27 Fetching details for enechange/collmbo (64/85)
2026/01/05 23:00:29 Fetching details for MountainGod2/cb-events (65/85)
2026/01/05 23:00:30 Fetching details for score-spec/score-compose (66/85)
2026/01/05 23:00:31 Fetching details for DoggieLicc/doggie-bot (67/85)
2026/01/05 23:00:32 Fetching details for nlxdodge/composes (68/85)
2026/01/05 23:00:33 Fetching details for OJPARKINSON/IRacing-Display (69/85)
2026/01/05 23:00:35 Fetching details for agam-space/agam-space (70/85)
2026/01/05 23:00:36 Fetching details for nmshd/connector (71/85)
2026/01/05 23:00:37 Fetching details for dockersamples/labspace-infra (72/85)
2026/01/05 23:00:38 Fetching details for Lyceris-chan/selfhost-stack (73/85)
2026/01/05 23:00:40 Fetching details for mdmsua/tfc (74/85)
2026/01/05 23:00:41 Fetching details for hseeberger/hello-rs (75/85)
2026/01/05 23:00:42 Fetching details for jnstockley/bsn (76/85)
2026/01/05 23:00:43 Fetching details for kasunsjc/Code-Snippets (77/85)
2026/01/05 23:00:44 Fetching details for abihf/images (78/85)
2026/01/05 23:00:45 Fetching details for mkaraki/Diffcord (79/85)
2026/01/05 23:00:47 Fetching details for jnstockley/email-to-calendar (80/85)
2026/01/05 23:00:48 Fetching details for MichielMak/docker-stacks (81/85)
2026/01/05 23:00:49 Fetching details for groffedemos/docker-hardened-dotnet10-comparison (82/85)
2026/01/05 23:00:50 Fetching details for alpha-phi-omega-ez/backend (83/85)
2026/01/05 23:00:51 Fetching details for ITHUB-SPB/feedback-system (84/85)
2026/01/05 23:00:53 Fetching details for supinf/dockerized-tools (85/85)
2026/01/05 23:00:54 Fetching adoption dates for 85 projects...
2026/01/05 23:00:54 Fetching adoption info for Blizarre/faas (1/85)
2026/01/05 23:00:54 Set adoption for Blizarre/faas: 2025-12-24 (https://github.com/Blizarre/faas/commit/9501094850ab188c7a69110deac9116ee84be5d4)
2026/01/05 23:00:54 Fetching adoption info for medplum/medplum (2/85)
2026/01/05 23:00:55 Set adoption for medplum/medplum: 2026-01-01 (https://github.com/medplum/medplum/commit/e742d782d6c48456afe38b5d87b88b544b710a9a)
2026/01/05 23:00:55 Fetching adoption info for Pradumnasaraf/node-dhi-demo (3/85)
2026/01/05 23:00:55 Set adoption for Pradumnasaraf/node-dhi-demo: 2025-12-20 (https://github.com/Pradumnasaraf/node-dhi-demo/commit/87d8eab740d4b39285f08eb8807a0777e9220ce1)
2026/01/05 23:00:56 Fetching adoption info for aetperf/FastBCP-Image (4/85)
2026/01/05 23:00:56 Set adoption for aetperf/FastBCP-Image: 2025-12-19 (https://github.com/aetperf/FastBCP-Image/commit/abece88bfea3d9ff08ae787451fd2543ae906e49)
2026/01/05 23:00:57 Fetching adoption info for DoggieLicc/discord-sdg-helper (5/85)
2026/01/05 23:00:57 Set adoption for DoggieLicc/discord-sdg-helper: 2025-12-20 (https://github.com/DoggieLicc/discord-sdg-helper/commit/1b2cb51db7a1f5ef6c571baaf1085725f372d41e)
2026/01/05 23:00:57 Fetching adoption info for tsvetlin/svetlin-website-next (6/85)
2026/01/05 23:00:58 Set adoption for tsvetlin/svetlin-website-next: 2025-12-21 (https://github.com/tsvetlin/svetlin-website-next/commit/96aee1c8f8c62dd6406e8b9d26ab3b7cc26a88ab)
2026/01/05 23:00:58 Fetching adoption info for jnstockley/poetry (7/85)
2026/01/05 23:00:58 Set adoption for jnstockley/poetry: 2025-12-22 (https://github.com/jnstockley/poetry/commit/f82c7a6507b3aa81f517cf65c19aa9a5c51589e3)
2026/01/05 23:00:59 Fetching adoption info for ZA512/Stratum (8/85)
2026/01/05 23:00:59 Set adoption for ZA512/Stratum: 2025-12-18 (https://github.com/ZA512/Stratum/commit/815f47cbf689ae3649f9a311e93f941ba413d0d8)
2026/01/05 23:01:00 Fetching adoption info for Brandawg93/PeaNUT (9/85)
2026/01/05 23:01:00 Set adoption for Brandawg93/PeaNUT: 2025-12-20 (https://github.com/Brandawg93/PeaNUT/commit/c95bc1506a9749ad53e0dedc6fe01ed4a2796e25)
2026/01/05 23:01:00 Fetching adoption info for nlxdodge/portfolio-astro (10/85)
2026/01/05 23:01:00 Set adoption for nlxdodge/portfolio-astro: 2025-12-18 (https://github.com/nlxdodge/portfolio-astro/commit/3bc0e6b6ea82e6dc2bb6dd3a2c8e42e78903fa62)
2026/01/05 23:01:01 Fetching adoption info for aneillans/ecards (11/85)
2026/01/05 23:01:01 Set adoption for aneillans/ecards: 2025-12-23 (https://github.com/aneillans/ecards/commit/39f471be9a37e0156d46bbf61df10ddc648a7e05)
2026/01/05 23:01:02 Fetching adoption info for loong64/n8n (12/85)
2026/01/05 23:01:02 Set adoption for loong64/n8n: 2025-12-31 (https://github.com/loong64/n8n/commit/f031bda4642b632aab60a6b19165c4af428d782e)
2026/01/05 23:01:02 Fetching adoption info for sanbei101/dhi (13/85)
2026/01/05 23:01:03 Set adoption for sanbei101/dhi: 2025-12-19 (https://github.com/sanbei101/dhi/commit/d4518b7f7da94735180a2b82ef5e122e065f1ee0)
2026/01/05 23:01:03 Fetching adoption info for TheRAWagent/collab-knowledge-workspace (14/85)
2026/01/05 23:01:03 Set adoption for TheRAWagent/collab-knowledge-workspace: 2026-01-01 (https://github.com/TheRAWagent/collab-knowledge-workspace/commit/6b5bf811ad0dc5da2029327c5b3bab35c0d73741)
2026/01/05 23:01:04 Fetching adoption info for TimSchoenle/Portfolio (15/85)
2026/01/05 23:01:04 Set adoption for TimSchoenle/Portfolio: 2025-12-31 (https://github.com/TimSchoenle/Portfolio/commit/5004266ab0223aa99aa89040af5f89e586f79e67)
2026/01/05 23:01:05 Fetching adoption info for spormeon/adysis_haproxy_side (16/85)
2026/01/05 23:01:05 Set adoption for spormeon/adysis_haproxy_side: 2025-12-21 (https://github.com/spormeon/adysis_haproxy_side/commit/af739bada80feafd1e4a6a4bd828fbbcce158db6)
2026/01/05 23:01:05 Fetching adoption info for jnstockley/web-scraper (17/85)
2026/01/05 23:01:05 Set adoption for jnstockley/web-scraper: 2025-12-24 (https://github.com/jnstockley/web-scraper/commit/c94277baaad43dc654f6f4c8d9e092dc4f94611f)
2026/01/05 23:01:06 Fetching adoption info for spormeon/adysis_haproxy_side_PBC (18/85)
2026/01/05 23:01:06 Set adoption for spormeon/adysis_haproxy_side_PBC: 2025-12-23 (https://github.com/spormeon/adysis_haproxy_side_PBC/commit/fcef6c2d7203afeff88297c0cc081b19ec8c64b0)
2026/01/05 23:01:07 Fetching adoption info for jafari-mohammad-reza/devops-utils (19/85)
2026/01/05 23:01:07 Set adoption for jafari-mohammad-reza/devops-utils: 2025-12-20 (https://github.com/jafari-mohammad-reza/devops-utils/commit/030d6c3492ff19754520e4807a9cd853f1aa42be)
2026/01/05 23:01:07 Fetching adoption info for nuclear06/spot (20/85)
2026/01/05 23:01:08 Set adoption for nuclear06/spot: 2026-01-04 (https://github.com/nuclear06/spot/commit/6f32ff759592d77d0e3caff17f694f0ee4c08ca6)
2026/01/05 23:01:08 Fetching adoption info for thiagoloureiro/AlertHawk (21/85)
2026/01/05 23:01:08 Set adoption for thiagoloureiro/AlertHawk: 2025-12-19 (https://github.com/thiagoloureiro/AlertHawk/commit/600a391622b4e59c078a8562f5edacb4bb3ad8ce)
2026/01/05 23:01:09 Fetching adoption info for danielbarnes175/bballdaniel3.com (22/85)
2026/01/05 23:01:09 Set adoption for danielbarnes175/bballdaniel3.com: 2025-12-19 (https://github.com/danielbarnes175/bballdaniel3.com/commit/4bd0b6e272b9a681047af3477b75e788f71715ee)
2026/01/05 23:01:09 Fetching adoption info for javiertuya/samples-test-spring (23/85)
2026/01/05 23:01:10 Set adoption for javiertuya/samples-test-spring: 2026-01-03 (https://github.com/javiertuya/samples-test-spring/commit/50e71aedd8571d705d0735e695ca88d23712c947)
2026/01/05 23:01:10 Fetching adoption info for alpha-phi-omega-ez/photo-discord-bot (24/85)
2026/01/05 23:01:10 Set adoption for alpha-phi-omega-ez/photo-discord-bot: 2025-12-24 (https://github.com/alpha-phi-omega-ez/photo-discord-bot/commit/7e5802b70f93eb9ccaaa333a2a10b8f061dfc6a8)
2026/01/05 23:01:11 Fetching adoption info for MythologIQ/QoreLogic (25/85)
2026/01/05 23:01:11 Set adoption for MythologIQ/QoreLogic: 2025-12-19 (https://github.com/MythologIQ/QoreLogic/commit/9ed04517a9f34412ce9120bd8ee98c951f264a93)
2026/01/05 23:01:11 Fetching adoption info for aetperf/FastTransfer-Image (26/85)
2026/01/05 23:01:12 Set adoption for aetperf/FastTransfer-Image: 2025-12-19 (https://github.com/aetperf/FastTransfer-Image/commit/e0324274de3ac314c40e2ff3fd5e6f5a6dbb1183)
2026/01/05 23:01:12 Fetching adoption info for zewelor/docker-images (27/85)
2026/01/05 23:01:12 Set adoption for zewelor/docker-images: 2025-12-18 (https://github.com/zewelor/docker-images/commit/c4d03bc952a187155dedc804a3e66226954f4195)
2026/01/05 23:01:13 Fetching adoption info for paulpham157/spec-board (28/85)
2026/01/05 23:01:13 Set adoption for paulpham157/spec-board: 2026-01-05 (https://github.com/paulpham157/spec-board/commit/8386ce6cea255427fc70edd661e1bc0a638b988b)
2026/01/05 23:01:14 Fetching adoption info for MorganMLGman/LlmMemeDescriber (29/85)
2026/01/05 23:01:14 Set adoption for MorganMLGman/LlmMemeDescriber: 2026-01-05 (https://github.com/MorganMLGman/LlmMemeDescriber/commit/a3bae3d83d149a871114debfc4456d12e24b3468)
2026/01/05 23:01:14 Fetching adoption info for buildplan/dns-service (30/85)
2026/01/05 23:01:14 Set adoption for buildplan/dns-service: 2025-12-26 (https://github.com/buildplan/dns-service/commit/f6a859ec8a60206d7c1c2a8667d9e251a9ca56a6)
2026/01/05 23:01:15 Fetching adoption info for kave/hello-world (31/85)
2026/01/05 23:01:15 Set adoption for kave/hello-world: 2025-12-17 (https://github.com/kave/hello-world/commit/baf2ead20d0153aa509008920722eea36e91b150)
2026/01/05 23:01:16 Fetching adoption info for RangerChris/bottle-tycoon-microservice (32/85)
2026/01/05 23:01:16 Set adoption for RangerChris/bottle-tycoon-microservice: 2025-12-19 (https://github.com/RangerChris/bottle-tycoon-microservice/commit/448ee75e0319a2344980e6706a796ef535a12d41)
2026/01/05 23:01:16 Fetching adoption info for renatogroffe/dotnet10-consoleapp-dhi_job-httprequest (33/85)
2026/01/05 23:01:17 Set adoption for renatogroffe/dotnet10-consoleapp-dhi_job-httprequest: 2025-12-23 (https://github.com/renatogroffe/dotnet10-consoleapp-dhi_job-httprequest/commit/01e61c04b72531a5c6b41d39ad0399e9a2dfd3c7)
2026/01/05 23:01:17 Fetching adoption info for Tsingis/energy-data (34/85)
2026/01/05 23:01:17 Set adoption for Tsingis/energy-data: 2025-12-20 (https://github.com/Tsingis/energy-data/commit/ba84c82fe1227f06cb09d8fc552ddec49e309936)
2026/01/05 23:01:18 Fetching adoption info for alpha-phi-omega-ez/frontend (35/85)
2026/01/05 23:01:18 Set adoption for alpha-phi-omega-ez/frontend: 2026-01-04 (https://github.com/alpha-phi-omega-ez/frontend/commit/8c69e1642aa99b161664cc0e34744647fae4db86)
2026/01/05 23:01:19 Fetching adoption info for jnstockley/python-starter (36/85)
2026/01/05 23:01:19 Set adoption for jnstockley/python-starter: 2025-12-27 (https://github.com/jnstockley/python-starter/commit/0935343c35256eb4baf24efacdd2debbcb575cc6)
2026/01/05 23:01:19 Fetching adoption info for jnstockley/secret-santa (37/85)
2026/01/05 23:01:20 Set adoption for jnstockley/secret-santa: 2025-12-25 (https://github.com/jnstockley/secret-santa/commit/12a7e18eee69b92f147aa4e87c8ad82d01a42747)
2026/01/05 23:01:20 Fetching adoption info for StefanSchoof/traefik-config (38/85)
2026/01/05 23:01:20 Set adoption for StefanSchoof/traefik-config: 2025-12-28 (https://github.com/StefanSchoof/traefik-config/commit/d739e1d93ab5176ea176aa97d558488a50512ef8)
2026/01/05 23:01:21 Fetching adoption info for mkaraki/IllustStore (39/85)
2026/01/05 23:01:21 Set adoption for mkaraki/IllustStore: 2026-01-02 (https://github.com/mkaraki/IllustStore/commit/2d4007ef9223d6fc9aabcb8a6ebaef4a86a09546)
2026/01/05 23:01:21 Fetching adoption info for stebennett/tee-sniper (40/85)
2026/01/05 23:01:22 Set adoption for stebennett/tee-sniper: 2026-01-05 (https://github.com/stebennett/tee-sniper/commit/191fcb7daa7ae44ae3b5e956c4d6be263b87f9f9)
2026/01/05 23:01:22 Fetching adoption info for alpha-phi-omega-ez/backtest-compilation (41/85)
2026/01/05 23:01:22 Set adoption for alpha-phi-omega-ez/backtest-compilation: 2026-01-03 (https://github.com/alpha-phi-omega-ez/backtest-compilation/commit/f3dcacf94f09dc5f9bf54dc30a4d84d4aa488b66)
2026/01/05 23:01:23 Fetching adoption info for guybrush1984/Elelem (42/85)
2026/01/05 23:01:23 Set adoption for guybrush1984/Elelem: 2025-12-29 (https://github.com/guybrush1984/Elelem/commit/2d16510d9217039e8951327bf05ad3aad6eacfff)
2026/01/05 23:01:24 Fetching adoption info for jabrown93/k8s-leader-elector (43/85)
2026/01/05 23:01:24 Set adoption for jabrown93/k8s-leader-elector: 2025-12-30 (https://github.com/jabrown93/k8s-leader-elector/commit/81ebd392a07f9ae7ff3b86a889735fcb49fe8377)
2026/01/05 23:01:24 Fetching adoption info for pietro-swe/RouteBastion-Broker (44/85)
2026/01/05 23:01:24 Set adoption for pietro-swe/RouteBastion-Broker: 2026-01-04 (https://github.com/pietro-swe/RouteBastion-Broker/commit/f8154cb277965a9a85cda3400c40b802459cb1c8)
2026/01/05 23:01:25 Fetching adoption info for groffedemos/docker-hardened-comparisons (45/85)
2026/01/05 23:01:25 Set adoption for groffedemos/docker-hardened-comparisons: 2025-12-22 (https://github.com/groffedemos/docker-hardened-comparisons/commit/11a6fefeed77a191daf74d485e6a9031a6819670)
2026/01/05 23:01:26 Fetching adoption info for n8n-io/n8n (46/85)
2026/01/05 23:01:26 Set adoption for n8n-io/n8n: 2025-12-30 (https://github.com/n8n-io/n8n/commit/430b82309f11d6a5b0c738d22cbb62d0ac2497c5)
2026/01/05 23:01:26 Fetching adoption info for voidauth/voidauth (47/85)
2026/01/05 23:01:26 Set adoption for voidauth/voidauth: 2026-01-02 (https://github.com/voidauth/voidauth/commit/1743da269c2e4355d39a36ef4b4086f716f9ca96)
2026/01/05 23:01:27 Fetching adoption info for textbook/dependabot-dhi (48/85)
2026/01/05 23:01:27 Set adoption for textbook/dependabot-dhi: 2025-12-18 (https://github.com/textbook/dependabot-dhi/commit/79f07b8e91bf3040dcf684d835c1ed1250f6b92a)
2026/01/05 23:01:28 Fetching adoption info for Ostefanini/ts-drones (49/85)
2026/01/05 23:01:28 Set adoption for Ostefanini/ts-drones: 2025-12-18 (https://github.com/Ostefanini/ts-drones/commit/9f0f8486d29b76250fe4aeda88bbe3dd3200079c)
2026/01/05 23:01:28 Fetching adoption info for Luxen13/AGGerber-RNAmod-pipeline (50/85)
2026/01/05 23:01:29 Set adoption for Luxen13/AGGerber-RNAmod-pipeline: 2025-12-19 (https://github.com/Luxen13/AGGerber-RNAmod-pipeline/commit/8225ebcae08ae15fac9c38b3bd1746bd73721cc2)
2026/01/05 23:01:29 Fetching adoption info for GorenPnP/pnpWebsite (51/85)
2026/01/05 23:01:29 Set adoption for GorenPnP/pnpWebsite: 2026-01-05 (https://github.com/GorenPnP/pnpWebsite/commit/6efbe7d227abdd93078e1cc59d0d495ec9a51bdb)
2026/01/05 23:01:30 Fetching adoption info for sdelrio/golden-forest (52/85)
2026/01/05 23:01:30 Set adoption for sdelrio/golden-forest: 2026-01-04 (https://github.com/sdelrio/golden-forest/commit/0d9fe394526a0521ad7e981a6909a9a025f22dae)
2026/01/05 23:01:31 Fetching adoption info for erkenes/docker-traefik (53/85)
2026/01/05 23:01:31 Set adoption for erkenes/docker-traefik: 2025-12-20 (https://github.com/erkenes/docker-traefik/commit/abeeb5122d3c05ad66cf61b32defbd79d5673e20)
2026/01/05 23:01:31 Fetching adoption info for zazuko/trifid (54/85)
2026/01/05 23:01:31 Set adoption for zazuko/trifid: 2025-12-23 (https://github.com/zazuko/trifid/commit/ee238b23ab76ceca13c96b94694995034974241d)
2026/01/05 23:01:32 Fetching adoption info for imTHAI/adguardhome-unbound-redis (55/85)
2026/01/05 23:01:32 Set adoption for imTHAI/adguardhome-unbound-redis: 2025-12-23 (https://github.com/imTHAI/adguardhome-unbound-redis/commit/9d351e80b8e0847ae6478ee99693afbc5d99a4d8)
2026/01/05 23:01:33 Fetching adoption info for thiagoloureiro/AlertHawk.UI.V2 (56/85)
2026/01/05 23:01:33 Set adoption for thiagoloureiro/AlertHawk.UI.V2: 2025-12-19 (https://github.com/thiagoloureiro/AlertHawk.UI.V2/commit/ed98b9cae3fb0ddf280aeba09c8eb8b2fd02069b)
2026/01/05 23:01:33 Fetching adoption info for robco/docker-robot-runner (57/85)
2026/01/05 23:01:34 Set adoption for robco/docker-robot-runner: 2025-12-22 (https://github.com/robco/docker-robot-runner/commit/25231499c6dd0ffeb6055f7935935b28842e734a)
2026/01/05 23:01:34 Fetching adoption info for docker-hardened-images/catalog (58/85)
2026/01/05 23:01:34 Set adoption for docker-hardened-images/catalog: 2025-12-30 (https://github.com/docker-hardened-images/catalog/commit/3d83587a1a5e97f89afccf0fca7b1d12610b369a)
2026/01/05 23:01:35 Fetching adoption info for UKHO/dockerimages (59/85)
2026/01/05 23:01:35 Set adoption for UKHO/dockerimages: 2025-12-18 (https://github.com/UKHO/dockerimages/commit/d827ff4bb43da7c09a0ab3d97f790cc07e022322)
2026/01/05 23:01:36 Fetching adoption info for python-lapidary/lapidary (60/85)
2026/01/05 23:01:36 Set adoption for python-lapidary/lapidary: 2025-12-31 (https://github.com/python-lapidary/lapidary/commit/4e23410296dc4399b8a19765cb8867d68eae2072)
2026/01/05 23:01:36 Fetching adoption info for mirakib/DevOps-Projects (61/85)
2026/01/05 23:01:36 Set adoption for mirakib/DevOps-Projects: 2026-01-05 (https://github.com/mirakib/DevOps-Projects/commit/cf3364fd41f12bfcdcd65e8af4440b546f3fcf65)
2026/01/05 23:01:37 Fetching adoption info for jnstockley/api (62/85)
2026/01/05 23:01:37 Set adoption for jnstockley/api: 2025-12-31 (https://github.com/jnstockley/api/commit/6bd01aa850fbe1bf021fbe4909468c643c288d62)
2026/01/05 23:01:38 Fetching adoption info for johncloud-paas/platform (63/85)
2026/01/05 23:01:38 Set adoption for johncloud-paas/platform: 2026-01-05 (https://github.com/johncloud-paas/platform/commit/f4abd267469019b11c6a5bb6f25d1e42de07f13e)
2026/01/05 23:01:38 Fetching adoption info for enechange/collmbo (64/85)
2026/01/05 23:01:38 Set adoption for enechange/collmbo: 2026-01-05 (https://github.com/enechange/collmbo/commit/b5cac34812d7ea5359ede86c48dc0464b84cb29c)
2026/01/05 23:01:39 Fetching adoption info for MountainGod2/cb-events (65/85)
2026/01/05 23:01:39 Set adoption for MountainGod2/cb-events: 2026-01-01 (https://github.com/MountainGod2/cb-events/commit/785f3ca63c985b9be594c25fe323fb949b8d009f)
2026/01/05 23:01:40 Fetching adoption info for score-spec/score-compose (66/85)
2026/01/05 23:01:40 Set adoption for score-spec/score-compose: 2026-01-05 (https://github.com/score-spec/score-compose/commit/4fc23fff4dfb701070fd47974a87359e46893e0c)
2026/01/05 23:01:40 Fetching adoption info for DoggieLicc/doggie-bot (67/85)
2026/01/05 23:01:41 Set adoption for DoggieLicc/doggie-bot: 2025-12-20 (https://github.com/DoggieLicc/doggie-bot/commit/6493a58860b8fcde5fabe80dd246fedef0f1f66e)
2026/01/05 23:01:41 Fetching adoption info for nlxdodge/composes (68/85)
2026/01/05 23:01:41 Set adoption for nlxdodge/composes: 2025-12-18 (https://github.com/nlxdodge/composes/commit/85d915f0b14b0df757568b66cad7a5dda3ed7776)
2026/01/05 23:01:42 Fetching adoption info for OJPARKINSON/IRacing-Display (69/85)
2026/01/05 23:01:42 Set adoption for OJPARKINSON/IRacing-Display: 2026-01-04 (https://github.com/OJPARKINSON/IRacing-Display/commit/9d93fe30f143fb3c52af2598bb84a4c4ac2de721)
2026/01/05 23:01:43 Fetching adoption info for agam-space/agam-space (70/85)
2026/01/05 23:01:43 Set adoption for agam-space/agam-space: 2026-01-06 (https://github.com/agam-space/agam-space/commit/cde4dbba2b49538235d4bdac0f5b5ea65a3e5f1b)
2026/01/05 23:01:43 Fetching adoption info for nmshd/connector (71/85)
2026/01/05 23:01:43 Set adoption for nmshd/connector: 2025-12-19 (https://github.com/nmshd/connector/commit/778db1728463ba3ff2ec59637d4660f0fbf4e94f)
2026/01/05 23:01:44 Fetching adoption info for dockersamples/labspace-infra (72/85)
2026/01/05 23:01:44 Set adoption for dockersamples/labspace-infra: 2025-12-17 (https://github.com/dockersamples/labspace-infra/commit/be72caa8cc11c6b866e0e4f692f3f584b8a793cb)
2026/01/05 23:01:45 Fetching adoption info for Lyceris-chan/selfhost-stack (73/85)
2026/01/05 23:01:45 Set adoption for Lyceris-chan/selfhost-stack: 2026-01-04 (https://github.com/Lyceris-chan/selfhost-stack/commit/346876449b0e193e88925b93d99db60bb45acbe7)
2026/01/05 23:01:45 Fetching adoption info for mdmsua/tfc (74/85)
2026/01/05 23:01:46 Set adoption for mdmsua/tfc: 2025-12-27 (https://github.com/mdmsua/tfc/commit/213331761cda3230c38937ef3aea0af86064deb3)
2026/01/05 23:01:46 Fetching adoption info for hseeberger/hello-rs (75/85)
2026/01/05 23:01:46 Set adoption for hseeberger/hello-rs: 2025-12-23 (https://github.com/hseeberger/hello-rs/commit/502d63b9390f6274369247d0540dfda1eb8faba0)
2026/01/05 23:01:47 Fetching adoption info for jnstockley/bsn (76/85)
2026/01/05 23:01:47 Set adoption for jnstockley/bsn: 2025-12-24 (https://github.com/jnstockley/bsn/commit/7fa478f43b40a9ebc8b0b037164564ee9bd1e14a)
2026/01/05 23:01:48 Fetching adoption info for kasunsjc/Code-Snippets (77/85)
2026/01/05 23:01:48 Set adoption for kasunsjc/Code-Snippets: 2026-01-01 (https://github.com/kasunsjc/Code-Snippets/commit/606c8f332d8afb9b1782edc047cee815ecd9e820)
2026/01/05 23:01:48 Fetching adoption info for abihf/images (78/85)
2026/01/05 23:01:49 Set adoption for abihf/images: 2026-01-05 (https://github.com/abihf/images/commit/54e1b24047378a1f986e9c6c1a44fcd08eace01d)
2026/01/05 23:01:49 Fetching adoption info for mkaraki/Diffcord (79/85)
2026/01/05 23:01:49 Set adoption for mkaraki/Diffcord: 2025-12-30 (https://github.com/mkaraki/Diffcord/commit/9214825d83eac933818be8d390e911027feafaf4)
2026/01/05 23:01:50 Fetching adoption info for jnstockley/email-to-calendar (80/85)
2026/01/05 23:01:50 Set adoption for jnstockley/email-to-calendar: 2025-12-27 (https://github.com/jnstockley/email-to-calendar/commit/0935343c35256eb4baf24efacdd2debbcb575cc6)
2026/01/05 23:01:50 Fetching adoption info for MichielMak/docker-stacks (81/85)
2026/01/05 23:01:51 Set adoption for MichielMak/docker-stacks: 2025-12-19 (https://github.com/MichielMak/docker-stacks/commit/312621bc037241808d2ba75ec69d3c1968f722c2)
2026/01/05 23:01:51 Fetching adoption info for groffedemos/docker-hardened-dotnet10-comparison (82/85)
2026/01/05 23:01:52 Set adoption for groffedemos/docker-hardened-dotnet10-comparison: 2025-12-18 (https://github.com/groffedemos/docker-hardened-dotnet10-comparison/commit/4a0eaf619a5c31fab0e1663e642c46224cbbf6a5)
2026/01/05 23:01:52 Fetching adoption info for alpha-phi-omega-ez/backend (83/85)
2026/01/05 23:01:52 Set adoption for alpha-phi-omega-ez/backend: 2026-01-04 (https://github.com/alpha-phi-omega-ez/backend/commit/18533d012111198ebd307f8865d42406f68134ad)
2026/01/05 23:01:53 Fetching adoption info for ITHUB-SPB/feedback-system (84/85)
2026/01/05 23:01:53 Set adoption for ITHUB-SPB/feedback-system: 2025-12-25 (https://github.com/ITHUB-SPB/feedback-system/commit/841b99f89775fc907f8519963541ded9542de094)
2026/01/05 23:01:54 Fetching adoption info for supinf/dockerized-tools (85/85)
2026/01/05 23:01:54 Set adoption for supinf/dockerized-tools: 2025-12-18 (https://github.com/supinf/dockerized-tools/commit/63c089f6d98aa3f3431beab488dc0a2835f96052)
2026/01/05 23:01:55 Finished fetching adoption dates
2026/01/05 23:01:55 Recorded snapshot after refresh
2026/01/05 23:01:55 Refresh job 3 completed (source: startup): 85 projects
